This is pdfTeX, Version 3.141592-1.40.4 (MiKTeX 2.7) (preloaded format=pdflatex 2008.4.6)  27 NOV 2008 14:58
entering extended mode
**F:/Documents*and*Settings/Aaron*Wang/Escritorio/tporga2/TP1/Informe*Tp1*Orga*
2/Informe*TP1*orga2.tex

("F:/Documents and Settings/Aaron Wang/Escritorio/tporga2/TP1/Informe Tp1 Orga 
2/Informe TP1 orga2.tex"
LaTeX2e <2005/12/01>
Babel <v3.8h> and hyphenation patterns for english, dumylang, nohyphenation, ge
rman, ngerman, french, loaded.
("F:\Archivos de programa\MiKTeX 2.7\tex\latex\base\article.cls"
Document Class: article 2005/09/16 v1.4f Standard LaTeX document class
("F:\Archivos de programa\MiKTeX 2.7\tex\latex\base\size10.clo"
File: size10.clo 2005/09/16 v1.4f Standard LaTeX file (size option)
)
\c@part=\count79
\c@section=\count80
\c@subsection=\count81
\c@subsubsection=\count82
\c@paragraph=\count83
\c@subparagraph=\count84
\c@figure=\count85
\c@table=\count86
\abovecaptionskip=\skip41
\belowcaptionskip=\skip42
\bibindent=\dimen102
)
("F:\Archivos de programa\MiKTeX 2.7\tex\generic\babel\babel.sty"
Package: babel 2005/11/23 v3.8h The Babel package

*************************************
* Local config file bblopts.cfg used
*
("F:\Archivos de programa\MiKTeX 2.7\tex\latex\00miktex\bblopts.cfg"
File: bblopts.cfg 2006/07/31 v1.0 MiKTeX 'babel' configuration
)
("F:\Archivos de programa\MiKTeX 2.7\tex\generic\babel\spanish.ldf"
Language: spanish.ldf 2005/03/31 v4.2b Spanish support from the babel system

("F:\Archivos de programa\MiKTeX 2.7\tex\generic\babel\babel.def"
File: babel.def 2005/11/23 v3.8h Babel common definitions
\babel@savecnt=\count87
\U@D=\dimen103
)

Package babel Warning: No hyphenation patterns were loaded for
(babel)                the language `Spanish'
(babel)                I will use the patterns loaded for \language=0 instead.

\l@spanish = a dialect from \language0
\es@quottoks=\toks14
\es@quotdepth=\count88
Package babel Info: Making . an active character on input line 509.
Package babel Info: Making " an active character on input line 540.
Package babel Info: Making < an active character on input line 641.
Package babel Info: Making > an active character on input line 642.
)) ("F:\Archivos de programa\MiKTeX 2.7\tex\latex\base\inputenc.sty"
Package: inputenc 2006/05/05 v1.1b Input encoding file
\inpenc@prehook=\toks15
\inpenc@posthook=\toks16

("F:\Archivos de programa\MiKTeX 2.7\tex\latex\base\latin1.def"
File: latin1.def 2006/05/05 v1.1b Input encoding file
))
("F:\Archivos de programa\MiKTeX 2.7\tex\generic\xypic\xy.sty"
("F:\Archivos de programa\MiKTeX 2.7\tex\generic\xypic\xy.tex" Bootstrap'ing:
catcodes, docmode,
("F:\Archivos de programa\MiKTeX 2.7\tex\generic\xypic\xyrecat.tex")
("F:\Archivos de programa\MiKTeX 2.7\tex\generic\xypic\xyidioms.tex")

 Xy-pic version 3.7 <1999/02/16>
 Copyright (c) 1991-1998 by Kristoffer H. Rose <krisrose@ens-lyon.fr>
 Xy-pic is free software: see the User's Guide for details.

Loading kernel: messages; fonts; allocations: state,
\X@c=\dimen104
\Y@c=\dimen105
\U@c=\dimen106
\D@c=\dimen107
\L@c=\dimen108
\R@c=\dimen109
\Edge@c=\toks17
\X@p=\dimen110
\Y@p=\dimen111
\U@p=\dimen112
\D@p=\dimen113
\L@p=\dimen114
\R@p=\dimen115
\Edge@p=\toks18
\X@origin=\dimen116
\Y@origin=\dimen117
\X@xbase=\dimen118
\Y@xbase=\dimen119
\X@ybase=\dimen120
\Y@ybase=\dimen121
\X@min=\dimen122
\Y@min=\dimen123
\X@max=\dimen124
\Y@max=\dimen125
\lastobjectbox@=\box26
\zerodotbox@=\box27
\almostz@=\dimen126
 direction,
\d@X=\dimen127
\d@Y=\dimen128
\K@=\count89
\KK@=\count90
\Direction=\count91
\K@dXdY=\dimen129
\K@dYdX=\dimen130
\xyread@=\read1
\xywrite@=\write3
\csp@=\count92
\quotPTK@=\dimen131

utility macros; pictures: \xy, positions,
\swaptoks@@=\toks19
\connectobjectbox@@=\box28
 objects,
\styletoks@=\toks20
 decorations;
kernel objects: directionals, circles, text; options; algorithms: directions,
edges, connections;  Xy-pic loaded)
Package: xy 1999/02/16 Xy-pic version 3.7

("F:\Archivos de programa\MiKTeX 2.7\tex\generic\xypic\xyall.tex"
 Xy-pic option: All features v.3.3
("F:\Archivos de programa\MiKTeX 2.7\tex\generic\xypic\xycurve.tex"
 Xy-pic option: Curve and Spline extension v.3.7 curve,
\crv@cnt@=\count93
\crvpts@=\toks21
\splinebox@=\box29
\splineval@=\dimen132
\splinedepth@=\dimen133
\splinetol@=\dimen134
\splinelength@=\dimen135
 circles,
\L@=\dimen136
 loaded)
("F:\Archivos de programa\MiKTeX 2.7\tex\generic\xypic\xyframe.tex"
 Xy-pic option: Frame and Bracket extension v.3.7 loaded)
("F:\Archivos de programa\MiKTeX 2.7\tex\generic\xypic\xycmtip.tex"
 Xy-pic option: Computer Modern tip extension v.3.3
("F:\Archivos de programa\MiKTeX 2.7\tex\generic\xypic\xytips.tex"
 Xy-pic option: More Tips extension v.3.3 loaded) loaded)
("F:\Archivos de programa\MiKTeX 2.7\tex\generic\xypic\xyline.tex"
 Xy-pic option: Line styles extension v.3.6
\xylinethick@=\dimen137
 loaded)
("F:\Archivos de programa\MiKTeX 2.7\tex\generic\xypic\xyrotate.tex"
 Xy-pic option: Rotate and Scale extension v.3.3 loaded)
("F:\Archivos de programa\MiKTeX 2.7\tex\generic\xypic\xycolor.tex"
 Xy-pic option: Colour extension v.3.3 loaded)
("F:\Archivos de programa\MiKTeX 2.7\tex\generic\xypic\xymatrix.tex"
 Xy-pic option: Matrix feature v.3.4
\Row=\count94
\Col=\count95
\queue@=\toks22
\queue@@=\toks23
\qcount@=\count96
\qcount@@=\count97
\matrixsize@=\count98
 loaded)
("F:\Archivos de programa\MiKTeX 2.7\tex\generic\xypic\xyarrow.tex"
 Xy-pic option: Arrow and Path feature v.3.5 path, \ar, loaded)
("F:\Archivos de programa\MiKTeX 2.7\tex\generic\xypic\xygraph.tex"
 Xy-pic option: Graph feature v.3.7 loaded) loaded)) (caratula.sty
Package: caratula 2003/4/13 v0.1 Para componer caratulas de TPs del DC

Cargando package 'caratula' v0.2 (21/4/2003)
\intlist=\toks24
) ("F:\Archivos de programa\MiKTeX 2.7\tex\latex\float\float.sty"
Package: float 2001/11/08 v1.3d Float enhancements (AL)
\c@float@type=\count99
\float@exts=\toks25
\float@box=\box30
\@float@everytoks=\toks26
\@floatcapt=\box31
)
("F:\Archivos de programa\MiKTeX 2.7\tex\latex\graphics\graphicx.sty"
Package: graphicx 1999/02/16 v1.0f Enhanced LaTeX Graphics (DPC,SPQR)

("F:\Archivos de programa\MiKTeX 2.7\tex\latex\graphics\keyval.sty"
Package: keyval 1999/03/16 v1.13 key=value parser (DPC)
\KV@toks@=\toks27
)
("F:\Archivos de programa\MiKTeX 2.7\tex\latex\graphics\graphics.sty"
Package: graphics 2006/02/20 v1.0o Standard LaTeX Graphics (DPC,SPQR)

("F:\Archivos de programa\MiKTeX 2.7\tex\latex\graphics\trig.sty"
Package: trig 1999/03/16 v1.09 sin cos tan (DPC)
)
("F:\Archivos de programa\MiKTeX 2.7\tex\latex\00miktex\graphics.cfg"
File: graphics.cfg 2007/01/18 v1.5 graphics configuration of teTeX/TeXLive
)
Package graphics Info: Driver file: pdftex.def on input line 90.

("F:\Archivos de programa\MiKTeX 2.7\tex\latex\graphics\pdftex.def"
File: pdftex.def 2007/06/12 v0.04h Graphics/color for pdfTeX
\Gread@gobject=\count100
))
\Gin@req@height=\dimen138
\Gin@req@width=\dimen139
)

LaTeX Warning: Unused global option(s):
    [16pt].

("Informe TP1 orga2.aux")
LaTeX Font Info:    Checking defaults for OML/cmm/m/it on input line 14.
LaTeX Font Info:    ... okay on input line 14.
LaTeX Font Info:    Checking defaults for T1/cmr/m/n on input line 14.
LaTeX Font Info:    ... okay on input line 14.
LaTeX Font Info:    Checking defaults for OT1/cmr/m/n on input line 14.
LaTeX Font Info:    ... okay on input line 14.
LaTeX Font Info:    Checking defaults for OMS/cmsy/m/n on input line 14.
LaTeX Font Info:    ... okay on input line 14.
LaTeX Font Info:    Checking defaults for OMX/cmex/m/n on input line 14.
LaTeX Font Info:    ... okay on input line 14.
LaTeX Font Info:    Checking defaults for U/cmr/m/n on input line 14.
LaTeX Font Info:    ... okay on input line 14.

("F:\Archivos de programa\MiKTeX 2.7\tex\context\base\supp-pdf.tex"
[Loading MPS to PDF converter (version 2006.09.02).]
\scratchcounter=\count101
\scratchdimen=\dimen140
\scratchbox=\box32
\nofMPsegments=\count102
\nofMParguments=\count103
\MPscratchCnt=\count104
\MPscratchDim=\dimen141
\MPnumerator=\count105
\everyMPtoPDFconversion=\toks28
)
LaTeX Font Info:    External font `cmex10' loaded for size
(Font)              <7> on input line 24.
LaTeX Font Info:    External font `cmex10' loaded for size
(Font)              <5> on input line 24.
 [1

{F:/Documents and Settings/All Users/Datos de programa/MiKTeX/2.7/pdftex/config
/pdftex.map}] ("Informe TP1 orga2.toc")
\tf@toc=\write4
 [2]
<Figura1.jpg, id=13, 456.20438pt x 338.76563pt>
File: Figura1.jpg Graphic file (type jpg)
 <use Figura1.jpg> [3] [4 <Figura1.jpg>] <Figura2.jpg, id=20, 324.46219pt x 32.
37094pt>
File: Figura2.jpg Graphic file (type jpg)
 <use Figura2.jpg>
<Figura3.jpg, id=21, 418.56375pt x 336.50719pt>
File: Figura3.jpg Graphic file (type jpg)
 <use Figura3.jpg> [5 <Figura2.jpg>] [6 <Figura3.jpg>] <Figura4.jpg, id=31, 406
.51875pt x 322.95656pt>
File: Figura4.jpg Graphic file (type jpg)

<use Figura4.jpg> <Figura5.jpg, id=32, 435.12563pt x 272.51813pt>
File: Figura5.jpg Graphic file (type jpg)

<use Figura5.jpg> [7 <Figura4.jpg>]
<Figura6.jpg, id=37, 446.41782pt x 287.57437pt>
File: Figura6.jpg Graphic file (type jpg)
 <use Figura6.jpg> [8 <Figura5.jpg> <Figura6.jpg>] <Figura7.jpg, id=41, 390.709
69pt x 286.82156pt>
File: Figura7.jpg Graphic file (type jpg)

<use Figura7.jpg> [9 <Figura7.jpg>] [10] [11] ("Informe TP1 orga2.aux") ) 
Here is how much of TeX's memory you used:
 3761 strings out of 95340
 44800 string characters out of 1183931
 140208 words of memory out of 1500000
 6918 multiletter control sequences out of 110000
 7075 words of font info for 29 fonts, out of 1200000 for 2000
 14 hyphenation exceptions out of 8191
 25i,7n,25p,1541b,208s stack positions out of 5000i,500n,10000p,200000b,5000s
<F:/Ar
chivos de programa/MiKTeX 2.7/fonts/type1/bluesky/cm/cmbx10.pfb><F:/Archivos de
 programa/MiKTeX 2.7/fonts/type1/bluesky/cm/cmbx12.pfb><F:/Archivos de programa
/MiKTeX 2.7/fonts/type1/bluesky/cm/cmmi10.pfb><F:/Archivos de programa/MiKTeX 2
.7/fonts/type1/bluesky/cm/cmmi7.pfb><F:/Archivos de programa/MiKTeX 2.7/fonts/t
ype1/bluesky/cm/cmr10.pfb><F:/Archivos de programa/MiKTeX 2.7/fonts/type1/blues
ky/cm/cmr12.pfb><F:/Archivos de programa/MiKTeX 2.7/fonts/type1/bluesky/cm/cmr7
.pfb><F:/Archivos de programa/MiKTeX 2.7/fonts/type1/bluesky/cm/cmtt10.pfb>
Output written on "Informe TP1 orga2.pdf" (11 pages, 298117 bytes).
PDF statistics:
 77 PDF objects out of 1000 (max. 8388607)
 0 named destinations out of 1000 (max. 131072)
 36 words of extra memory for PDF output out of 10000 (max. 10000000)

